2025-08-16 11:25:30.772 WARN   [main]c.s.f.h.j.AbstractJettyAppServer - jetty Start class[class com.suven.framework.FileMain] 
 


                          (_)                   | |               | |            | |
   ___   ___  _ __ __   __ _   ___   ___    ___ | |_   __ _  _ __ | |_   ___   __| |
  / __| / _ \| '__|\ \ / /| | / __| / _ \  / __|| __| / _` || '__|| __| / _ \ / _` |
  \__ \|  __/| |    \ V / | || (__ |  __/  \__ \| |_ | (_| || |   | |_ |  __/| (_| |
  |___/ \___||_|     \_/  |_| \___| \___|  |___/ \__| \__,_||_|    \__| \___| \__,_|
                                                                                    


 :: Spring Boot (v2.X.0) : https://spring.io/projects/spring-boot
 :: Jetty version (v9.4.X) : https://www.eclipse.org/jetty/documentation/current/
2025-08-16 11:25:31.025 INFO   [main]c.s.framework.FileMain - Starting FileMain using Java 21.0.2 with PID 3375 (/Users/suven/suven/workspace/future-framework/future-http-file/build/classes/java/main started by suven in /Users/suven/suven/workspace/future-framework)
2025-08-16 11:25:31.026 INFO   [main]c.s.framework.FileMain - The following 5 profiles are active: "base", "db", "dubbo", "redis", "sms"
2025-08-16 11:25:31.295 WARN   [main]o.s.b.w.s.c.AnnotationConfigServletWebServerApplicationContext - Exception encountered during context initialization - cancelling refresh attempt: java.lang.IllegalStateException: The following classes could not be excluded because they are not auto-configuration classes:
	- com.alibaba.druid.spring.boot.autoconfigure.DruidDataSourceAutoConfigure

2025-08-16 11:25:31.302 INFO   [main]o.s.b.a.l.ConditionEvaluationReportLogger - 

Error starting ApplicationContext. To display the condition evaluation report re-run your application with 'debug' enabled.
2025-08-16 11:25:31.313 ERROR  [main]o.s.b.SpringApplication - Application run failed
java.lang.IllegalStateException: The following classes could not be excluded because they are not auto-configuration classes:
	- com.alibaba.druid.spring.boot.autoconfigure.DruidDataSourceAutoConfigure

	at org.springframework.boot.autoconfigure.AutoConfigurationImportSelector.handleInvalidExcludes(AutoConfigurationImportSelector.java:228)
	at org.springframework.boot.autoconfigure.AutoConfigurationImportSelector.checkExcludedClasses(AutoConfigurationImportSelector.java:214)
	at org.springframework.boot.autoconfigure.AutoConfigurationImportSelector.getAutoConfigurationEntry(AutoConfigurationImportSelector.java:145)
	at org.springframework.boot.autoconfigure.AutoConfigurationImportSelector$AutoConfigurationGroup.process(AutoConfigurationImportSelector.java:469)
	at org.springframework.context.annotation.ConfigurationClassParser$DeferredImportSelectorGrouping.getImports(ConfigurationClassParser.java:917)
	at org.springframework.context.annotation.ConfigurationClassParser$DeferredImportSelectorGroupingHandler.processGroupImports(ConfigurationClassParser.java:847)
	at org.springframework.context.annotation.ConfigurationClassParser$DeferredImportSelectorHandler.process(ConfigurationClassParser.java:817)
	at org.springframework.context.annotation.ConfigurationClassParser.parse(ConfigurationClassParser.java:198)
	at org.springframework.context.annotation.ConfigurationClassPostProcessor.processConfigBeanDefinitions(ConfigurationClassPostProcessor.java:418)
	at org.springframework.context.annotation.ConfigurationClassPostProcessor.postProcessBeanDefinitionRegistry(ConfigurationClassPostProcessor.java:290)
	at org.springframework.context.support.PostProcessorRegistrationDelegate.invokeBeanDefinitionRegistryPostProcessors(PostProcessorRegistrationDelegate.java:349)
	at org.springframework.context.support.PostProcessorRegistrationDelegate.invokeBeanFactoryPostProcessors(PostProcessorRegistrationDelegate.java:118)
	at org.springframework.context.support.AbstractApplicationContext.invokeBeanFactoryPostProcessors(AbstractApplicationContext.java:791)
	at org.springframework.context.support.AbstractApplicationContext.refresh(AbstractApplicationContext.java:609)
	at org.springframework.boot.web.servlet.context.ServletWebServerApplicationContext.refresh(ServletWebServerApplicationContext.java:146)
	at org.springframework.boot.SpringApplication.refresh(SpringApplication.java:752)
	at org.springframework.boot.SpringApplication.refreshContext(SpringApplication.java:439)
	at org.springframework.boot.SpringApplication.run(SpringApplication.java:318)
	at org.springframework.boot.SpringApplication.run(SpringApplication.java:1361)
	at org.springframework.boot.SpringApplication.run(SpringApplication.java:1350)
	at com.suven.framework.http.jetty.AbstractJettyAppServer.jettyStart(AbstractJettyAppServer.java:78)
	at com.suven.framework.FileMain.main(FileMain.java:16)
